<?xml version='1.0' encoding='UTF-8'?>
<testsuite hostname="shiyu" name="controllers.HomeControllerTest" tests="5" errors="0" failures="1" skipped="0" time="7.614" timestamp="2021-12-06T21:07:17">
                     <properties>
[...]
</properties>
                     <testcase classname="controllers.HomeControllerTest" name="keywordTest" time="2.919">
                                                 
                                               </testcase><testcase classname="controllers.HomeControllerTest" name="testIndex" time="0.235">
                                                 
                                               </testcase><testcase classname="controllers.HomeControllerTest" name="testRepo" time="0.795">
                                                 
                                               </testcase><testcase classname="controllers.HomeControllerTest" name="userProfile" time="0.543">
                                                 
                                               </testcase><testcase classname="controllers.HomeControllerTest" name="issueTest" time="3.122">
                                                 <failure message="java.lang.RuntimeException: akka.pattern.AskTimeoutException: Ask timed out on [Actor[akka://application/user/$a#1292572279]] after [3000 ms]. Message of type [actor.ProcessIssuesActor$ProcessIssuesOfRepo]. A typical reason for `AskTimeoutException` is that the recipient actor didn't send a reply." type="sbt.ForkMain$ForkError">sbt.ForkMain$ForkError: java.lang.RuntimeException: akka.pattern.AskTimeoutException: Ask timed out on [Actor[akka://application/user/$a#1292572279]] after [3000 ms]. Message of type [actor.ProcessIssuesActor$ProcessIssuesOfRepo]. A typical reason for `AskTimeoutException` is that the recipient actor didn't send a reply.
	at play.test.Helpers.wrapScalaResult(Helpers.java:98)
	at play.test.Helpers.route(Helpers.java:475)
	at play.test.Helpers.route(Helpers.java:459)
	at controllers.HomeControllerTest.issueTest(HomeControllerTest.java:64)
	at java.base/jdk.internal.reflect.NativeMethodAccessorImpl.invoke0(Native Method)
	at java.base/jdk.internal.reflect.NativeMethodAccessorImpl.invoke(NativeMethodAccessorImpl.java:62)
	at java.base/jdk.internal.reflect.DelegatingMethodAccessorImpl.invoke(DelegatingMethodAccessorImpl.java:43)
	at java.base/java.lang.reflect.Method.invoke(Method.java:566)
	at org.junit.runners.model.FrameworkMethod$1.runReflectiveCall(FrameworkMethod.java:59)
	at org.junit.internal.runners.model.ReflectiveCallable.run(ReflectiveCallable.java:12)
	at org.junit.runners.model.FrameworkMethod.invokeExplosively(FrameworkMethod.java:56)
	at org.junit.internal.runners.statements.InvokeMethod.evaluate(InvokeMethod.java:17)
	at org.junit.internal.runners.statements.RunBefores.evaluate(RunBefores.java:26)
	at org.junit.internal.runners.statements.RunAfters.evaluate(RunAfters.java:27)
	at org.junit.runners.ParentRunner$3.evaluate(ParentRunner.java:306)
	at org.junit.runners.BlockJUnit4ClassRunner$1.evaluate(BlockJUnit4ClassRunner.java:100)
	at org.junit.runners.ParentRunner.runLeaf(ParentRunner.java:366)
	at org.junit.runners.BlockJUnit4ClassRunner.runChild(BlockJUnit4ClassRunner.java:103)
	at org.junit.runners.BlockJUnit4ClassRunner.runChild(BlockJUnit4ClassRunner.java:63)
	at org.junit.runners.ParentRunner$4.run(ParentRunner.java:331)
	at org.junit.runners.ParentRunner$1.schedule(ParentRunner.java:79)
	at org.junit.runners.ParentRunner.runChildren(ParentRunner.java:329)
	at org.junit.runners.ParentRunner.access$100(ParentRunner.java:66)
	at org.junit.runners.ParentRunner$2.evaluate(ParentRunner.java:293)
	at org.junit.runners.ParentRunner$3.evaluate(ParentRunner.java:306)
	at org.junit.runners.ParentRunner.run(ParentRunner.java:413)
	at org.junit.runners.Suite.runChild(Suite.java:128)
	at org.junit.runners.Suite.runChild(Suite.java:27)
	at org.junit.runners.ParentRunner$4.run(ParentRunner.java:331)
	at org.junit.runners.ParentRunner$1.schedule(ParentRunner.java:79)
	at org.junit.runners.ParentRunner.runChildren(ParentRunner.java:329)
	at org.junit.runners.ParentRunner.access$100(ParentRunner.java:66)
	at org.junit.runners.ParentRunner$2.evaluate(ParentRunner.java:293)
	at org.junit.runners.ParentRunner$3.evaluate(ParentRunner.java:306)
	at org.junit.runners.ParentRunner.run(ParentRunner.java:413)
	at org.junit.runner.JUnitCore.run(JUnitCore.java:137)
	at org.junit.runner.JUnitCore.run(JUnitCore.java:115)
	at com.novocode.junit.JUnitRunner$1.execute(JUnitRunner.java:132)
	at sbt.ForkMain$Run.lambda$runTest$1(ForkMain.java:304)
	at java.base/java.util.concurrent.FutureTask.run(FutureTask.java:264)
	at java.base/java.util.concurrent.ThreadPoolExecutor.runWorker(ThreadPoolExecutor.java:1128)
	at java.base/java.util.concurrent.ThreadPoolExecutor$Worker.run(ThreadPoolExecutor.java:628)
	at java.base/java.lang.Thread.run(Thread.java:829)
Caused by: sbt.ForkMain$ForkError: akka.pattern.AskTimeoutException: Ask timed out on [Actor[akka://application/user/$a#1292572279]] after [3000 ms]. Message of type [actor.ProcessIssuesActor$ProcessIssuesOfRepo]. A typical reason for `AskTimeoutException` is that the recipient actor didn't send a reply.
</failure>
                                               </testcase>
                     <system-out><![CDATA[]]></system-out>
                     <system-err><![CDATA[]]></system-err>
                   </testsuite>